Replace Part C1 CAP_0603 in D:\Subjects\SRTP蛇型机器人\PCB\信号层\信号层.SchDoc with CAP_0603 from 信号层.SchLib
Replace Part C2 CAP_0603 in D:\Subjects\SRTP蛇型机器人\PCB\信号层\信号层.SchDoc with CAP_0603 from 信号层.SchLib
Replace Part C3 CAP_0603 in D:\Subjects\SRTP蛇型机器人\PCB\信号层\信号层.SchDoc with CAP_0603 from 信号层.SchLib
Replace Part C4 CAP_0603 in D:\Subjects\SRTP蛇型机器人\PCB\信号层\信号层.SchDoc with CAP_0603 from 信号层.SchLib
Replace Part C5 CAP_0603 in D:\Subjects\SRTP蛇型机器人\PCB\信号层\信号层.SchDoc with CAP_0603 from 信号层.SchLib
Replace Part C6 CAP_0603 in D:\Subjects\SRTP蛇型机器人\PCB\信号层\信号层.SchDoc with CAP_0603 from 信号层.SchLib
Replace Part C7 CAP_0603 in D:\Subjects\SRTP蛇型机器人\PCB\信号层\信号层.SchDoc with CAP_0603 from 信号层.SchLib
Replace Part C8 CAP_0603 in D:\Subjects\SRTP蛇型机器人\PCB\信号层\信号层.SchDoc with CAP_0603 from 信号层.SchLib
Replace Part C9 KEY in D:\Subjects\SRTP蛇型机器人\PCB\信号层\信号层.SchDoc with KEY from 信号层.SchLib
Replace Part C10 CAP_1206 in D:\Subjects\SRTP蛇型机器人\PCB\信号层\信号层.SchDoc with CAP_1206 from 信号层.SchLib
Replace Part C11 CAP_0603 in D:\Subjects\SRTP蛇型机器人\PCB\信号层\信号层.SchDoc with CAP_0603 from 信号层.SchLib
Replace Part C12 CAP_1206 in D:\Subjects\SRTP蛇型机器人\PCB\信号层\信号层.SchDoc with CAP_1206 from 信号层.SchLib
Replace Part C13 CAP_0603 in D:\Subjects\SRTP蛇型机器人\PCB\信号层\信号层.SchDoc with CAP_0603 from 信号层.SchLib
Replace Part D1 LED0603 in D:\Subjects\SRTP蛇型机器人\PCB\信号层\信号层.SchDoc with LED0603 from 信号层.SchLib
Replace Part D2 LED0603 in D:\Subjects\SRTP蛇型机器人\PCB\信号层\信号层.SchDoc with LED0603 from 信号层.SchLib
Replace Part D3 LED0603 in D:\Subjects\SRTP蛇型机器人\PCB\信号层\信号层.SchDoc with LED0603 from 信号层.SchLib
Replace Part D4 LED0603 in D:\Subjects\SRTP蛇型机器人\PCB\信号层\信号层.SchDoc with LED0603 from 信号层.SchLib
Replace Part J1 5264-3 in D:\Subjects\SRTP蛇型机器人\PCB\信号层\信号层.SchDoc with 5264-3 from 信号层.SchLib
Replace Part J2 XH_2.54_4P in D:\Subjects\SRTP蛇型机器人\PCB\信号层\信号层.SchDoc with XH_2.54_4P from 信号层.SchLib
Replace Part J3 5264-4 in D:\Subjects\SRTP蛇型机器人\PCB\信号层\信号层.SchDoc with 5264-4 from 信号层.SchLib
Replace Part J4 5264-3 in D:\Subjects\SRTP蛇型机器人\PCB\信号层\信号层.SchDoc with 5264-3 from 信号层.SchLib
Replace Part J5 KF301-5.0-2P in D:\Subjects\SRTP蛇型机器人\PCB\信号层\信号层.SchDoc with KF301-5.0-2P from 信号层.SchLib
Replace Part KEY1 KEY in D:\Subjects\SRTP蛇型机器人\PCB\信号层\信号层.SchDoc with KEY from 信号层.SchLib
Replace Part R1 RES in D:\Subjects\SRTP蛇型机器人\PCB\信号层\信号层.SchDoc with RES from 信号层.SchLib
Replace Part R2 RES in D:\Subjects\SRTP蛇型机器人\PCB\信号层\信号层.SchDoc with RES from 信号层.SchLib
Replace Part R3 RES in D:\Subjects\SRTP蛇型机器人\PCB\信号层\信号层.SchDoc with RES from 信号层.SchLib
Replace Part R4 RES in D:\Subjects\SRTP蛇型机器人\PCB\信号层\信号层.SchDoc with RES from 信号层.SchLib
Replace Part R5 RES in D:\Subjects\SRTP蛇型机器人\PCB\信号层\信号层.SchDoc with RES from 信号层.SchLib
Replace Part R6 RES in D:\Subjects\SRTP蛇型机器人\PCB\信号层\信号层.SchDoc with RES from 信号层.SchLib
Replace Part R7 RES in D:\Subjects\SRTP蛇型机器人\PCB\信号层\信号层.SchDoc with RES from 信号层.SchLib
Replace Part R8 RES in D:\Subjects\SRTP蛇型机器人\PCB\信号层\信号层.SchDoc with RES from 信号层.SchLib
Replace Part R9 RES in D:\Subjects\SRTP蛇型机器人\PCB\信号层\信号层.SchDoc with RES from 信号层.SchLib
Replace Part R10 RES in D:\Subjects\SRTP蛇型机器人\PCB\信号层\信号层.SchDoc with RES from 信号层.SchLib
Replace Part R11 RES in D:\Subjects\SRTP蛇型机器人\PCB\信号层\信号层.SchDoc with RES from 信号层.SchLib
Replace Part R12 RES in D:\Subjects\SRTP蛇型机器人\PCB\信号层\信号层.SchDoc with RES from 信号层.SchLib
Replace Part R13 RES in D:\Subjects\SRTP蛇型机器人\PCB\信号层\信号层.SchDoc with RES from 信号层.SchLib
Replace Part R14 RES in D:\Subjects\SRTP蛇型机器人\PCB\信号层\信号层.SchDoc with RES from 信号层.SchLib
Replace Part R15 RES in D:\Subjects\SRTP蛇型机器人\PCB\信号层\信号层.SchDoc with RES from 信号层.SchLib
Replace Part R16 RES in D:\Subjects\SRTP蛇型机器人\PCB\信号层\信号层.SchDoc with RES from 信号层.SchLib
Replace Part U1 AP2306 in D:\Subjects\SRTP蛇型机器人\PCB\信号层\信号层.SchDoc with AP2306 from 信号层.SchLib
Replace Part U2 CD4066B in D:\Subjects\SRTP蛇型机器人\PCB\信号层\信号层.SchDoc with CD4066B from 信号层.SchLib
Replace Part U3 AP2306 in D:\Subjects\SRTP蛇型机器人\PCB\信号层\信号层.SchDoc with AP2306 from 信号层.SchLib
Replace Part U4 STM32F405RGT in D:\Subjects\SRTP蛇型机器人\PCB\信号层\信号层.SchDoc with STM32F405RGT from 信号层.SchLib
Replace Part U5 AP2306 in D:\Subjects\SRTP蛇型机器人\PCB\信号层\信号层.SchDoc with AP2306 from 信号层.SchLib
Replace Part U6 AP2306 in D:\Subjects\SRTP蛇型机器人\PCB\信号层\信号层.SchDoc with AP2306 from 信号层.SchLib
Replace Part U7 CJA1117B-3.3V in D:\Subjects\SRTP蛇型机器人\PCB\信号层\信号层.SchDoc with CJA1117B-3.3V from 信号层.SchLib
Replace Part X1 X1H008000DK1H-X in D:\Subjects\SRTP蛇型机器人\PCB\信号层\信号层.SchDoc with X1H008000DK1H-X from 信号层.SchLib
