Replace Part C? CAP_0603 in D:\Subjects\SRTP蛇型机器人\PCB\信号层\信号层.SchDoc with CAP_0603 from 信号层.SchLib
Replace Part C? CAP_0603 in D:\Subjects\SRTP蛇型机器人\PCB\信号层\信号层.SchDoc with CAP_0603 from 信号层.SchLib
Replace Part C? CAP_0603 in D:\Subjects\SRTP蛇型机器人\PCB\信号层\信号层.SchDoc with CAP_0603 from 信号层.SchLib
Replace Part C? CAP_1206 in D:\Subjects\SRTP蛇型机器人\PCB\信号层\信号层.SchDoc with CAP_1206 from 信号层.SchLib
Replace Part C? CAP_1206 in D:\Subjects\SRTP蛇型机器人\PCB\信号层\信号层.SchDoc with CAP_1206 from 信号层.SchLib
Replace Part C? CAP_0603 in D:\Subjects\SRTP蛇型机器人\PCB\信号层\信号层.SchDoc with CAP_0603 from 信号层.SchLib
Replace Part C? CAP_0603 in D:\Subjects\SRTP蛇型机器人\PCB\信号层\信号层.SchDoc with CAP_0603 from 信号层.SchLib
Replace Part C? CAP_0603 in D:\Subjects\SRTP蛇型机器人\PCB\信号层\信号层.SchDoc with CAP_0603 from 信号层.SchLib
Replace Part C? CAP_0603 in D:\Subjects\SRTP蛇型机器人\PCB\信号层\信号层.SchDoc with CAP_0603 from 信号层.SchLib
Replace Part C? KEY in D:\Subjects\SRTP蛇型机器人\PCB\信号层\信号层.SchDoc with KEY from 信号层.SchLib
Replace Part C? CAP_0603 in D:\Subjects\SRTP蛇型机器人\PCB\信号层\信号层.SchDoc with CAP_0603 from 信号层.SchLib
Replace Part C? CAP_0603 in D:\Subjects\SRTP蛇型机器人\PCB\信号层\信号层.SchDoc with CAP_0603 from 信号层.SchLib
Replace Part C? CAP_0603 in D:\Subjects\SRTP蛇型机器人\PCB\信号层\信号层.SchDoc with CAP_0603 from 信号层.SchLib
Replace Part D? LED0603 in D:\Subjects\SRTP蛇型机器人\PCB\信号层\信号层.SchDoc with LED0603 from 信号层.SchLib
Replace Part D? LED0603 in D:\Subjects\SRTP蛇型机器人\PCB\信号层\信号层.SchDoc with LED0603 from 信号层.SchLib
Replace Part D? LED0603 in D:\Subjects\SRTP蛇型机器人\PCB\信号层\信号层.SchDoc with LED0603 from 信号层.SchLib
Replace Part D? LED0603 in D:\Subjects\SRTP蛇型机器人\PCB\信号层\信号层.SchDoc with LED0603 from 信号层.SchLib
Replace Part J? 5264-3 in D:\Subjects\SRTP蛇型机器人\PCB\信号层\信号层.SchDoc with 5264-3 from 信号层.SchLib
Replace Part J? 5264-3 in D:\Subjects\SRTP蛇型机器人\PCB\信号层\信号层.SchDoc with 5264-3 from 信号层.SchLib
Replace Part J? 5264-4 in D:\Subjects\SRTP蛇型机器人\PCB\信号层\信号层.SchDoc with 5264-4 from 信号层.SchLib
Replace Part J? XH_2.54_4P in D:\Subjects\SRTP蛇型机器人\PCB\信号层\信号层.SchDoc with XH_2.54_4P from 信号层.SchLib
Replace Part KEY? KEY in D:\Subjects\SRTP蛇型机器人\PCB\信号层\信号层.SchDoc with KEY from 信号层.SchLib
Replace Part R? RES in D:\Subjects\SRTP蛇型机器人\PCB\信号层\信号层.SchDoc with RES from 信号层.SchLib
Replace Part R? RES in D:\Subjects\SRTP蛇型机器人\PCB\信号层\信号层.SchDoc with RES from 信号层.SchLib
Replace Part R? RES in D:\Subjects\SRTP蛇型机器人\PCB\信号层\信号层.SchDoc with RES from 信号层.SchLib
Replace Part R? RES in D:\Subjects\SRTP蛇型机器人\PCB\信号层\信号层.SchDoc with RES from 信号层.SchLib
Replace Part U? CJA1117B-3.3V in D:\Subjects\SRTP蛇型机器人\PCB\信号层\信号层.SchDoc with CJA1117B-3.3V from 信号层.SchLib
Replace Part U? STM32F405RGT in D:\Subjects\SRTP蛇型机器人\PCB\信号层\信号层.SchDoc with STM32F405RGT from 信号层.SchLib
Replace Part U? CD4066B in D:\Subjects\SRTP蛇型机器人\PCB\信号层\信号层.SchDoc with CD4066B from 信号层.SchLib
Replace Part X? X1H008000DK1H-X in D:\Subjects\SRTP蛇型机器人\PCB\信号层\信号层.SchDoc with X1H008000DK1H-X from 信号层.SchLib
