Added Net: Name=5V
Added Net: Name=GND
Added Net: Name=NetC1_2
Added Net: Name=NetC2_2
Added Net: Name=NetKEY1_1
Added Net: Name=NetR1_28
Added Net: Name=NetR2_28
Added Net: Name=NetR4_28
Added Net: Name=NetR5_28
Added Net: Name=NetR7_28
Added Net: Name=NetR8_28
Added Net: Name=NetR10_28
Added Net: Name=NetR12_28
Added Net: Name=NetR13_28
Added Net: Name=OSC_IN
Added Net: Name=OSC_OUT
Added Net: Name=RESET
Added Net: Name=SWCLK
Added Net: Name=SWDIO
Added Net: Name=U2_RX_CON
Added Net: Name=U2_TX_CON
Added Net: Name=U3_RX_CON
Added Net: Name=U3_TX_CON
Added Net: Name=USART2_OUT
Added Net: Name=USART2_RX_5V
Added Net: Name=USART2_RX
Added Net: Name=USART2_TX_5V
Added Net: Name=USART3_OUT
Added Net: Name=USART3_RX_5V
Added Net: Name=USART3_TX_5V
Added Net: Name=USART6_RX
Added Net: Name=USART6_TX
Added Class: Name=ÐÅºÅ²ã
Added Room: Name=ÐÅºÅ²ã
